=== Tek-Rex z/OS 3.1 Download Mon, May 25, 2026  9:13:10 PM ===
[OK 3544KB] zos-mvs/ieab600_v3r1.pdf
[OK 2532KB] zos-mvs/ieah700_v3r1.pdf
[OK 1488KB] zos-mvs/ieab500_v3r1.pdf
[OK 4744KB] zos-mvs/ieam100_v3r1.pdf
[OK 3472KB] zos-mvs/ieam200_v3r1.pdf
[OK 3260KB] zos-mvs/ieam300_v3r1.pdf
[OK 7288KB] zos-mvs/ieag200_v3r1.pdf
[OK 4496KB] zos-mvs/ieag100_v3r1.pdf
[OK 3464KB] zos-mvs/ieam500_v3r1.pdf
[OK 1716KB] zos-mvs/ieae100_v3r1.pdf
[OK 4240KB] zos-mvs/ieam600_v3r1.pdf
[OK 3788KB] zos-mvs/ieama00_v3r1.pdf
[OK 3848KB] zos-mvs/ieam700_v3r1.pdf
[OK 4964KB] zos-mvs/ieam900_v3r1.pdf
[OK 4540KB] zos-mvs/ieam800_v3r1.pdf
[OK 5964KB] zos-mvs/ieam400_v3r1.pdf
[OK 1896KB] zos-mvs/ieab100_v3r1.pdf
[OK 1436KB] zos-mvs/ieag300_v3r1.pdf
[OK 2592KB] zos-mvs/ieaw100_v3r1.pdf
[OK 1872KB] zos-mvs/ieag400_v3r1.pdf
[OK 3216KB] zos-mvs/ieaf100_v3r1.pdf
[OK 2792KB] zos-unix/bpxa400_v3r1.pdf
[OK 3276KB] zos-unix/bpxb200_v3r1.pdf
[OK 3856KB] zos-mvs/ieae200_v3r1.pdf
[OK 1424KB] zos-unix/bpxa600_v3r1.pdf
[OK 856KB] tso-rexx/ikjp100_v3r1.pdf
[OK 1368KB] tso-rexx/ikjc200_v3r1.pdf
[OK 3456KB] tso-rexx/ikja300_v3r1.pdf
[OK 4044KB] zos-unix/bpxa800_v3r1.pdf
[OK 1316KB] tso-rexx/ikjc300_v3r1.pdf
[OK 2680KB] zos-unix/foto100_v3r1.pdf
[OK 2400KB] tso-rexx/ikjc500_v3r1.pdf
[OK 740KB] racf/icha100_v3r1.pdf
[OK 4668KB] racf/icha700_v3r1.pdf
[OK 2808KB] racf/icha600_v3r1.pdf
[OK 3260KB] racf/icha200_v3r1.pdf
[OK 3828KB] racf/icha400_v3r1.pdf
[OK 5124KB] tso-rexx/ikjb400_v3r1.pdf
[OK 3560KB] jes/hasa300_v3r1.pdf
[OK 5480KB] jes/hasa200_v3r1.pdf
[OK 2652KB] jes/hasa400_v3r1.pdf
[OK 676KB] sms/idak100_v3r1.pdf
[OK 2648KB] sms/idad500_v3r1.pdf
[OK 2768KB] sms/idai200_v3r1.pdf
[OK 2492KB] sms/idas200_v3r1.pdf
[OK 4600KB] sms/idad400_v3r1.pdf
[OK 1760KB] sms/idac100_v3r1.pdf
[OK 3920KB] sms/idarc00_v3r1.pdf
[OK 3524KB] ispf/f54ug00_v3r1.pdf
[OK 1272KB] smf-rmf/erba200_v3r1.pdf
[OK 5464KB] ispf/f54u200_v3r1.pdf
[OK 4052KB] smf-rmf/erbb500_v3r1.pdf
[OK 1592KB] ispf/f54rs00_v3r1.pdf
[OK 2696KB] ispf/f54dg00_v3r1.pdf
[OK 2008KB] ispf/f54sg00_v3r1.pdf
[OK 5932KB] smf-rmf/erbru00_v3r1.pdf
[OK 4280KB] networking/halu101_v3r1.pdf
[OK 2168KB] networking/halu001_v3r1.pdf
[OK 6816KB] networking/halz001_v3r1.pdf
[OK 4660KB] networking/istimp0_v3r1.pdf
[OK 4936KB] networking/istrdr0_v3r1.pdf
[OK 3184KB] networking/cs3cod0_v3r1.pdf
[OK 6116KB] networking/istmnc0_v3r1.pdf
[OK 15772KB] networking/halz002_v3r1.pdf
[OK 3072KB] networking/halb001_v3r1.pdf
[OK 3544KB] utilities/idau100_v3r1.pdf
[OK 1428KB] utilities/iceg200_v3r1.pdf
[OK 2712KB] zosmf/izua300_v3r1.pdf
[OK 3732KB] sdsf/isfa500_v3r1.pdf
[OK 5700KB] utilities/icea100_v3r1.pdf
[OK 4704KB] networking/halb101_v3r1.pdf
[OK 4300KB] networking/halw001_v3r1.pdf
[OK 6568KB] zosmf/izua700_v3r1.pdf
